{"message":"hello","level":"info"}
{"message":"hello","level":"info"}
{"message":"\u001b[0mGET /auth/login \u001b[32m200\u001b[0m 4.488 ms - 21\u001b[0m\n","level":"info"}
{"message":"hello","level":"info"}
{"message":"::1 - - [17/Nov/2020:21:27:47 +0000] \"GET /auth/login HTTP/1.1\" 200 21 \"-\" \"Mozilla/5.0 (Macintosh; Intel Mac OS X 10_15_7) AppleWebKit/605.1.15 (KHTML, like Gecko) Version/14.0 Safari/605.1.15\"\n","level":"info"}
{"message":"hello","level":"info"}
{"message":"::1 - - [17/Nov/2020:22:33:46 +0000] \"GET /auth/login HTTP/1.1\" 304 - \"-\" \"Mozilla/5.0 (Macintosh; Intel Mac OS X 10_15_7) AppleWebKit/605.1.15 (KHTML, like Gecko) Version/14.0 Safari/605.1.15\"\n","level":"info"}
{"message":"::1 - - [17/Nov/2020:22:33:48 +0000] \"GET / HTTP/1.1\" 404 139 \"-\" \"Mozilla/5.0 (Macintosh; Intel Mac OS X 10_15_7) AppleWebKit/605.1.15 (KHTML, like Gecko) Version/14.0 Safari/605.1.15\"\n","level":"info"}
{"message":"::1 - - [17/Nov/2020:22:33:53 +0000] \"GET /movie/1 HTTP/1.1\" 404 146 \"-\" \"Mozilla/5.0 (Macintosh; Intel Mac OS X 10_15_7) AppleWebKit/605.1.15 (KHTML, like Gecko) Version/14.0 Safari/605.1.15\"\n","level":"info"}
{"message":"::1 - - [17/Nov/2020:22:34:09 +0000] \"GET /movies/1 HTTP/1.1\" 200 15 \"-\" \"Mozilla/5.0 (Macintosh; Intel Mac OS X 10_15_7) AppleWebKit/605.1.15 (KHTML, like Gecko) Version/14.0 Safari/605.1.15\"\n","level":"info"}
{"message":"::1 - - [17/Nov/2020:22:34:09 +0000] \"GET /favicon.ico HTTP/1.1\" 404 150 \"http://localhost:5000/movies/1\" \"Mozilla/5.0 (Macintosh; Intel Mac OS X 10_15_7) AppleWebKit/605.1.15 (KHTML, like Gecko) Version/14.0 Safari/605.1.15\"\n","level":"info"}
{"message":"::1 - - [17/Nov/2020:22:48:46 +0000] \"GET /movies/1 HTTP/1.1\" - - \"-\" \"Mozilla/5.0 (Macintosh; Intel Mac OS X 10_15_7) AppleWebKit/605.1.15 (KHTML, like Gecko) Version/14.0 Safari/605.1.15\"\n","level":"info"}
{"message":"::1 - - [17/Nov/2020:22:48:48 +0000] \"GET /movies/1 HTTP/1.1\" 200 2 \"-\" \"Mozilla/5.0 (Macintosh; Intel Mac OS X 10_15_7) AppleWebKit/605.1.15 (KHTML, like Gecko) Version/14.0 Safari/605.1.15\"\n","level":"info"}
{"message":"::1 - - [17/Nov/2020:22:49:26 +0000] \"GET /movies/1 HTTP/1.1\" 200 2 \"-\" \"Mozilla/5.0 (Macintosh; Intel Mac OS X 10_15_7) AppleWebKit/605.1.15 (KHTML, like Gecko) Version/14.0 Safari/605.1.15\"\n","level":"info"}
{"message":"::1 - - [17/Nov/2020:22:50:55 +0000] \"GET /movies HTTP/1.1\" 404 145 \"-\" \"Mozilla/5.0 (Macintosh; Intel Mac OS X 10_15_7) AppleWebKit/605.1.15 (KHTML, like Gecko) Version/14.0 Safari/605.1.15\"\n","level":"info"}
{"message":"::1 - - [17/Nov/2020:22:51:01 +0000] \"GET /movies/ HTTP/1.1\" 404 146 \"-\" \"Mozilla/5.0 (Macintosh; Intel Mac OS X 10_15_7) AppleWebKit/605.1.15 (KHTML, like Gecko) Version/14.0 Safari/605.1.15\"\n","level":"info"}
{"message":"::1 - - [17/Nov/2020:22:51:09 +0000] \"GET /movies/2 HTTP/1.1\" 200 2 \"-\" \"Mozilla/5.0 (Macintosh; Intel Mac OS X 10_15_7) AppleWebKit/605.1.15 (KHTML, like Gecko) Version/14.0 Safari/605.1.15\"\n","level":"info"}
{"message":"::1 - - [17/Nov/2020:22:51:09 +0000] \"GET /favicon.ico HTTP/1.1\" 404 150 \"http://localhost:5000/movies/2\" \"Mozilla/5.0 (Macintosh; Intel Mac OS X 10_15_7) AppleWebKit/605.1.15 (KHTML, like Gecko) Version/14.0 Safari/605.1.15\"\n","level":"info"}
{"message":"::1 - - [17/Nov/2020:22:53:55 +0000] \"GET /movies/2 HTTP/1.1\" 200 2 \"-\" \"Mozilla/5.0 (Macintosh; Intel Mac OS X 10_15_7) AppleWebKit/605.1.15 (KHTML, like Gecko) Version/14.0 Safari/605.1.15\"\n","level":"info"}
{"message":"::1 - - [17/Nov/2020:23:00:01 +0000] \"GET /movies/2 HTTP/1.1\" 200 2 \"-\" \"Mozilla/5.0 (Macintosh; Intel Mac OS X 10_15_7) AppleWebKit/605.1.15 (KHTML, like Gecko) Version/14.0 Safari/605.1.15\"\n","level":"info"}
{"message":"hello","level":"info"}
{"message":"::1 - - [17/Nov/2020:23:00:50 +0000] \"GET /auth/login HTTP/1.1\" 200 21 \"-\" \"Mozilla/5.0 (Macintosh; Intel Mac OS X 10_15_7) AppleWebKit/605.1.15 (KHTML, like Gecko) Version/14.0 Safari/605.1.15\"\n","level":"info"}
{"message":"::1 - - [17/Nov/2020:23:00:57 +0000] \"GET /movies HTTP/1.1\" 404 145 \"-\" \"Mozilla/5.0 (Macintosh; Intel Mac OS X 10_15_7) AppleWebKit/605.1.15 (KHTML, like Gecko) Version/14.0 Safari/605.1.15\"\n","level":"info"}
{"message":"::1 - - [17/Nov/2020:23:01:07 +0000] \"GET /movies/ HTTP/1.1\" 404 146 \"-\" \"Mozilla/5.0 (Macintosh; Intel Mac OS X 10_15_7) AppleWebKit/605.1.15 (KHTML, like Gecko) Version/14.0 Safari/605.1.15\"\n","level":"info"}
{"message":"::1 - - [17/Nov/2020:23:01:09 +0000] \"GET /movies/1 HTTP/1.1\" 500 1256 \"-\" \"Mozilla/5.0 (Macintosh; Intel Mac OS X 10_15_7) AppleWebKit/605.1.15 (KHTML, like Gecko) Version/14.0 Safari/605.1.15\"\n","level":"info"}
{"message":"hello","level":"info"}
{"message":"::1 - - [17/Nov/2020:23:04:50 +0000] \"GET /auth/login HTTP/1.1\" 200 21 \"-\" \"Mozilla/5.0 (Macintosh; Intel Mac OS X 10_15_7) AppleWebKit/605.1.15 (KHTML, like Gecko) Version/14.0 Safari/605.1.15\"\n","level":"info"}
{"message":"::1 - - [17/Nov/2020:23:05:00 +0000] \"GET /movies/1 HTTP/1.1\" 200 2 \"-\" \"Mozilla/5.0 (Macintosh; Intel Mac OS X 10_15_7) AppleWebKit/605.1.15 (KHTML, like Gecko) Version/14.0 Safari/605.1.15\"\n","level":"info"}
{"message":"::1 - - [17/Nov/2020:23:24:19 +0000] \"GET /movies/1 HTTP/1.1\" 304 - \"-\" \"Mozilla/5.0 (Macintosh; Intel Mac OS X 10_15_7) AppleWebKit/605.1.15 (KHTML, like Gecko) Version/14.0 Safari/605.1.15\"\n","level":"info"}
{"message":"::1 - - [17/Nov/2020:23:24:57 +0000] \"GET /movies/1 HTTP/1.1\" 200 2 \"-\" \"Mozilla/5.0 (Macintosh; Intel Mac OS X 10_15_7) AppleWebKit/605.1.15 (KHTML, like Gecko) Version/14.0 Safari/605.1.15\"\n","level":"info"}
{"message":"::1 - - [17/Nov/2020:23:27:19 +0000] \"GET /movies/1 HTTP/1.1\" 200 2 \"-\" \"Mozilla/5.0 (Macintosh; Intel Mac OS X 10_15_7) AppleWebKit/605.1.15 (KHTML, like Gecko) Version/14.0 Safari/605.1.15\"\n","level":"info"}
{"message":"::1 - - [17/Nov/2020:23:27:29 +0000] \"GET /movies/1 HTTP/1.1\" 200 2 \"-\" \"Mozilla/5.0 (Macintosh; Intel Mac OS X 10_15_7) AppleWebKit/605.1.15 (KHTML, like Gecko) Version/14.0 Safari/605.1.15\"\n","level":"info"}
{"message":"::1 - - [17/Nov/2020:23:27:47 +0000] \"GET /movies/1 HTTP/1.1\" 200 2 \"-\" \"Mozilla/5.0 (Macintosh; Intel Mac OS X 10_15_7) AppleWebKit/605.1.15 (KHTML, like Gecko) Version/14.0 Safari/605.1.15\"\n","level":"info"}
{"message":"::1 - - [17/Nov/2020:23:27:49 +0000] \"GET /movies/ HTTP/1.1\" 404 146 \"-\" \"Mozilla/5.0 (Macintosh; Intel Mac OS X 10_15_7) AppleWebKit/605.1.15 (KHTML, like Gecko) Version/14.0 Safari/605.1.15\"\n","level":"info"}
{"message":"::1 - - [17/Nov/2020:23:28:10 +0000] \"GET /movies/2 HTTP/1.1\" 304 - \"-\" \"Mozilla/5.0 (Macintosh; Intel Mac OS X 10_15_7) AppleWebKit/605.1.15 (KHTML, like Gecko) Version/14.0 Safari/605.1.15\"\n","level":"info"}
{"message":"::1 - - [17/Nov/2020:23:28:43 +0000] \"GET /movies/2 HTTP/1.1\" 304 - \"-\" \"Mozilla/5.0 (Macintosh; Intel Mac OS X 10_15_7) AppleWebKit/605.1.15 (KHTML, like Gecko) Version/14.0 Safari/605.1.15\"\n","level":"info"}
{"message":"::1 - - [17/Nov/2020:23:29:39 +0000] \"GET /movies/2 HTTP/1.1\" 200 2 \"-\" \"Mozilla/5.0 (Macintosh; Intel Mac OS X 10_15_7) AppleWebKit/605.1.15 (KHTML, like Gecko) Version/14.0 Safari/605.1.15\"\n","level":"info"}
{"message":"::1 - - [17/Nov/2020:23:31:26 +0000] \"GET /movies/2 HTTP/1.1\" 200 15193 \"-\" \"Mozilla/5.0 (Macintosh; Intel Mac OS X 10_15_7) AppleWebKit/605.1.15 (KHTML, like Gecko) Version/14.0 Safari/605.1.15\"\n","level":"info"}
{"message":"::1 - - [17/Nov/2020:23:56:41 +0000] \"GET /movies/ HTTP/1.1\" 404 146 \"-\" \"Mozilla/5.0 (Macintosh; Intel Mac OS X 10_15_7) AppleWebKit/605.1.15 (KHTML, like Gecko) Version/14.0 Safari/605.1.15\"\n","level":"info"}
{"message":"::1 - - [17/Nov/2020:23:56:45 +0000] \"GET /movies/573a1391f29313caabcd6d40 HTTP/1.1\" 200 14933 \"-\" \"Mozilla/5.0 (Macintosh; Intel Mac OS X 10_15_7) AppleWebKit/605.1.15 (KHTML, like Gecko) Version/14.0 Safari/605.1.15\"\n","level":"info"}
{"message":"::1 - - [17/Nov/2020:23:56:45 +0000] \"GET /favicon.ico HTTP/1.1\" 404 150 \"http://localhost:5000/movies/573a1391f29313caabcd6d40\" \"Mozilla/5.0 (Macintosh; Intel Mac OS X 10_15_7) AppleWebKit/605.1.15 (KHTML, like Gecko) Version/14.0 Safari/605.1.15\"\n","level":"info"}
{"message":"::1 - - [17/Nov/2020:23:58:22 +0000] \"GET /movies/573a1391f29313caabcd6d40 HTTP/1.1\" 304 - \"-\" \"Mozilla/5.0 (Macintosh; Intel Mac OS X 10_15_7) AppleWebKit/605.1.15 (KHTML, like Gecko) Version/14.0 Safari/605.1.15\"\n","level":"info"}
{"message":"::1 - - [17/Nov/2020:23:59:54 +0000] \"GET /movies/id:573a1391f29313caabcd6d40 HTTP/1.1\" 400 11 \"-\" \"Mozilla/5.0 (Macintosh; Intel Mac OS X 10_15_7) AppleWebKit/605.1.15 (KHTML, like Gecko) Version/14.0 Safari/605.1.15\"\n","level":"info"}
{"message":"::1 - - [17/Nov/2020:23:59:54 +0000] \"GET /favicon.ico HTTP/1.1\" 404 150 \"http://localhost:5000/movies/id:573a1391f29313caabcd6d40\" \"Mozilla/5.0 (Macintosh; Intel Mac OS X 10_15_7) AppleWebKit/605.1.15 (KHTML, like Gecko) Version/14.0 Safari/605.1.15\"\n","level":"info"}
{"message":"::1 - - [18/Nov/2020:00:00:02 +0000] \"GET /movies/i573a1391f29313caabcd6d40 HTTP/1.1\" 400 11 \"-\" \"Mozilla/5.0 (Macintosh; Intel Mac OS X 10_15_7) AppleWebKit/605.1.15 (KHTML, like Gecko) Version/14.0 Safari/605.1.15\"\n","level":"info"}
{"message":"::1 - - [18/Nov/2020:00:00:02 +0000] \"GET /favicon.ico HTTP/1.1\" 404 150 \"http://localhost:5000/movies/i573a1391f29313caabcd6d40\" \"Mozilla/5.0 (Macintosh; Intel Mac OS X 10_15_7) AppleWebKit/605.1.15 (KHTML, like Gecko) Version/14.0 Safari/605.1.15\"\n","level":"info"}
{"message":"::1 - - [18/Nov/2020:00:00:09 +0000] \"GET /movies/573a1391f29313caabcd6d40 HTTP/1.1\" 304 - \"-\" \"Mozilla/5.0 (Macintosh; Intel Mac OS X 10_15_7) AppleWebKit/605.1.15 (KHTML, like Gecko) Version/14.0 Safari/605.1.15\"\n","level":"info"}
{"message":"::1 - - [18/Nov/2020:00:02:17 +0000] \"GET /movies/573a1391f29313caabcd6d40 HTTP/1.1\" 404 170 \"-\" \"Mozilla/5.0 (Macintosh; Intel Mac OS X 10_15_7) AppleWebKit/605.1.15 (KHTML, like Gecko) Version/14.0 Safari/605.1.15\"\n","level":"info"}
{"message":"::1 - - [18/Nov/2020:00:02:39 +0000] \"GET /movies/573a1391f29313caabcd6d40 HTTP/1.1\" 200 14933 \"-\" \"Mozilla/5.0 (Macintosh; Intel Mac OS X 10_15_7) AppleWebKit/605.1.15 (KHTML, like Gecko) Version/14.0 Safari/605.1.15\"\n","level":"info"}
{"message":"::1 - - [18/Nov/2020:00:04:51 +0000] \"GET /movies/573a1391f29313caabcd6d40 HTTP/1.1\" 200 1438 \"-\" \"Mozilla/5.0 (Macintosh; Intel Mac OS X 10_15_7) AppleWebKit/605.1.15 (KHTML, like Gecko) Version/14.0 Safari/605.1.15\"\n","level":"info"}
{"message":"::1 - - [18/Nov/2020:00:05:19 +0000] \"GET /movies/573a1391f29313caabcd6d40 HTTP/1.1\" 200 14933 \"-\" \"Mozilla/5.0 (Macintosh; Intel Mac OS X 10_15_7) AppleWebKit/605.1.15 (KHTML, like Gecko) Version/14.0 Safari/605.1.15\"\n","level":"info"}
{"message":"::1 - - [18/Nov/2020:00:07:12 +0000] \"GET /movie/573a1391f29313caabcd6d40 HTTP/1.1\" 200 1438 \"-\" \"Mozilla/5.0 (Macintosh; Intel Mac OS X 10_15_7) AppleWebKit/605.1.15 (KHTML, like Gecko) Version/14.0 Safari/605.1.15\"\n","level":"info"}
{"message":"::1 - - [18/Nov/2020:00:07:12 +0000] \"GET /favicon.ico HTTP/1.1\" 404 150 \"http://localhost:5000/movie/573a1391f29313caabcd6d40\" \"Mozilla/5.0 (Macintosh; Intel Mac OS X 10_15_7) AppleWebKit/605.1.15 (KHTML, like Gecko) Version/14.0 Safari/605.1.15\"\n","level":"info"}
{"message":"error is not defined","level":"error"}
{"message":"::1 - - [18/Nov/2020:08:20:49 +0000] \"GET / HTTP/1.1\" 500 1090 \"-\" \"Mozilla/5.0 (Macintosh; Intel Mac OS X 10_15_7) AppleWebKit/605.1.15 (KHTML, like Gecko) Version/14.0 Safari/605.1.15\"\n","level":"info"}
{"message":"error is not defined","level":"error"}
{"message":"::1 - - [18/Nov/2020:08:20:53 +0000] \"GET /comments HTTP/1.1\" 500 1090 \"-\" \"Mozilla/5.0 (Macintosh; Intel Mac OS X 10_15_7) AppleWebKit/605.1.15 (KHTML, like Gecko) Version/14.0 Safari/605.1.15\"\n","level":"info"}
{"message":"error is not defined","level":"error"}
{"message":"::1 - - [18/Nov/2020:08:21:28 +0000] \"GET /comments HTTP/1.1\" 500 1090 \"-\" \"Mozilla/5.0 (Macintosh; Intel Mac OS X 10_15_7) AppleWebKit/605.1.15 (KHTML, like Gecko) Version/14.0 Safari/605.1.15\"\n","level":"info"}
{"message":"error is not defined","level":"error"}
{"message":"::1 - - [18/Nov/2020:08:21:29 +0000] \"GET / HTTP/1.1\" 500 1090 \"-\" \"Mozilla/5.0 (Macintosh; Intel Mac OS X 10_15_7) AppleWebKit/605.1.15 (KHTML, like Gecko) Version/14.0 Safari/605.1.15\"\n","level":"info"}
{"message":"error is not defined","level":"error"}
{"message":"::1 - - [18/Nov/2020:08:21:35 +0000] \"GET / HTTP/1.1\" 500 1090 \"-\" \"Mozilla/5.0 (Macintosh; Intel Mac OS X 10_15_7) AppleWebKit/605.1.15 (KHTML, like Gecko) Version/14.0 Safari/605.1.15\"\n","level":"info"}
{"message":"::1 - - [18/Nov/2020:08:21:39 +0000] \"GET /movies/1 HTTP/1.1\" - - \"-\" \"Mozilla/5.0 (Macintosh; Intel Mac OS X 10_15_7) AppleWebKit/605.1.15 (KHTML, like Gecko) Version/14.0 Safari/605.1.15\"\n","level":"info"}
{"message":"error is not defined","level":"error"}
{"message":"::1 - - [18/Nov/2020:08:21:39 +0000] \"GET /movies HTTP/1.1\" 500 1090 \"-\" \"Mozilla/5.0 (Macintosh; Intel Mac OS X 10_15_7) AppleWebKit/605.1.15 (KHTML, like Gecko) Version/14.0 Safari/605.1.15\"\n","level":"info"}
{"message":"error is not defined","level":"error"}
{"message":"::1 - - [18/Nov/2020:08:21:41 +0000] \"GET /movies/ HTTP/1.1\" 500 1090 \"-\" \"Mozilla/5.0 (Macintosh; Intel Mac OS X 10_15_7) AppleWebKit/605.1.15 (KHTML, like Gecko) Version/14.0 Safari/605.1.15\"\n","level":"info"}
{"message":"::1 - - [18/Nov/2020:08:21:44 +0000] \"GET /movies/1 HTTP/1.1\" 200 15879 \"-\" \"Mozilla/5.0 (Macintosh; Intel Mac OS X 10_15_7) AppleWebKit/605.1.15 (KHTML, like Gecko) Version/14.0 Safari/605.1.15\"\n","level":"info"}
{"message":"::1 - - [18/Nov/2020:08:21:47 +0000] \"GET /movie/1 HTTP/1.1\" 400 12 \"-\" \"Mozilla/5.0 (Macintosh; Intel Mac OS X 10_15_7) AppleWebKit/605.1.15 (KHTML, like Gecko) Version/14.0 Safari/605.1.15\"\n","level":"info"}
{"message":"::1 - - [18/Nov/2020:08:22:30 +0000] \"GET /movie/1 HTTP/1.1\" 400 12 \"-\" \"Mozilla/5.0 (Macintosh; Intel Mac OS X 10_15_7) AppleWebKit/605.1.15 (KHTML, like Gecko) Version/14.0 Safari/605.1.15\"\n","level":"info"}
{"message":"::1 - - [18/Nov/2020:08:22:32 +0000] \"GET /movie/1 HTTP/1.1\" 400 12 \"-\" \"Mozilla/5.0 (Macintosh; Intel Mac OS X 10_15_7) AppleWebKit/605.1.15 (KHTML, like Gecko) Version/14.0 Safari/605.1.15\"\n","level":"info"}
{"message":"::1 - - [18/Nov/2020:08:22:33 +0000] \"GET /movie/1 HTTP/1.1\" 400 12 \"-\" \"Mozilla/5.0 (Macintosh; Intel Mac OS X 10_15_7) AppleWebKit/605.1.15 (KHTML, like Gecko) Version/14.0 Safari/605.1.15\"\n","level":"info"}
{"message":"::1 - - [18/Nov/2020:08:22:39 +0000] \"GET /movie/1 HTTP/1.1\" 400 12 \"-\" \"Mozilla/5.0 (Macintosh; Intel Mac OS X 10_15_7) AppleWebKit/605.1.15 (KHTML, like Gecko) Version/14.0 Safari/605.1.15\"\n","level":"info"}
{"message":"::1 - - [18/Nov/2020:08:24:13 +0000] \"GET /movie/1 HTTP/1.1\" 400 12 \"-\" \"Mozilla/5.0 (Macintosh; Intel Mac OS X 10_15_7) AppleWebKit/605.1.15 (KHTML, like Gecko) Version/14.0 Safari/605.1.15\"\n","level":"info"}
{"message":"::1 - - [18/Nov/2020:08:24:16 +0000] \"GET /movie/1 HTTP/1.1\" 400 12 \"-\" \"Mozilla/5.0 (Macintosh; Intel Mac OS X 10_15_7) AppleWebKit/605.1.15 (KHTML, like Gecko) Version/14.0 Safari/605.1.15\"\n","level":"info"}
{"message":"::1 - - [18/Nov/2020:08:24:23 +0000] \"GET /movies/1 HTTP/1.1\" 304 - \"-\" \"Mozilla/5.0 (Macintosh; Intel Mac OS X 10_15_7) AppleWebKit/605.1.15 (KHTML, like Gecko) Version/14.0 Safari/605.1.15\"\n","level":"info"}
{"message":"::1 - - [18/Nov/2020:08:24:29 +0000] \"GET /movie/1 HTTP/1.1\" 400 12 \"-\" \"Mozilla/5.0 (Macintosh; Intel Mac OS X 10_15_7) AppleWebKit/605.1.15 (KHTML, like Gecko) Version/14.0 Safari/605.1.15\"\n","level":"info"}
{"message":"::1 - - [18/Nov/2020:08:28:03 +0000] \"GET /movie/1 HTTP/1.1\" 400 12 \"-\" \"Mozilla/5.0 (Macintosh; Intel Mac OS X 10_15_7) AppleWebKit/605.1.15 (KHTML, like Gecko) Version/14.0 Safari/605.1.15\"\n","level":"info"}
{"message":"::1 - - [18/Nov/2020:08:28:04 +0000] \"GET /movie/1 HTTP/1.1\" 400 12 \"-\" \"Mozilla/5.0 (Macintosh; Intel Mac OS X 10_15_7) AppleWebKit/605.1.15 (KHTML, like Gecko) Version/14.0 Safari/605.1.15\"\n","level":"info"}
{"message":"::1 - - [18/Nov/2020:08:28:11 +0000] \"GET /movie/1 HTTP/1.1\" 400 12 \"-\" \"Mozilla/5.0 (Macintosh; Intel Mac OS X 10_15_7) AppleWebKit/605.1.15 (KHTML, like Gecko) Version/14.0 Safari/605.1.15\"\n","level":"info"}
{"message":"Not Found","level":"error"}
{"message":"::1 - - [18/Nov/2020:08:28:12 +0000] \"GET /m HTTP/1.1\" 404 23 \"-\" \"Mozilla/5.0 (Macintosh; Intel Mac OS X 10_15_7) AppleWebKit/605.1.15 (KHTML, like Gecko) Version/14.0 Safari/605.1.15\"\n","level":"info"}
{"message":"Not Found","level":"error"}
{"message":"::1 - - [18/Nov/2020:08:28:12 +0000] \"GET /favicon.ico HTTP/1.1\" 404 23 \"http://localhost:5000/m\" \"Mozilla/5.0 (Macintosh; Intel Mac OS X 10_15_7) AppleWebKit/605.1.15 (KHTML, like Gecko) Version/14.0 Safari/605.1.15\"\n","level":"info"}
{"message":"::1 - - [18/Nov/2020:08:28:12 +0000] \"GET /movies/1 HTTP/1.1\" - - \"-\" \"Mozilla/5.0 (Macintosh; Intel Mac OS X 10_15_7) AppleWebKit/605.1.15 (KHTML, like Gecko) Version/14.0 Safari/605.1.15\"\n","level":"info"}
{"message":"pageNum is not defined","level":"error"}
{"message":"::1 - - [18/Nov/2020:08:34:24 +0000] \"GET /movies/1 HTTP/1.1\" 500 1090 \"-\" \"Mozilla/5.0 (Macintosh; Intel Mac OS X 10_15_7) AppleWebKit/605.1.15 (KHTML, like Gecko) Version/14.0 Safari/605.1.15\"\n","level":"info"}
{"message":"Not Found","level":"error"}
{"message":"::1 - - [18/Nov/2020:08:34:24 +0000] \"GET /favicon.ico HTTP/1.1\" 404 23 \"http://localhost:5000/movies/1\" \"Mozilla/5.0 (Macintosh; Intel Mac OS X 10_15_7) AppleWebKit/605.1.15 (KHTML, like Gecko) Version/14.0 Safari/605.1.15\"\n","level":"info"}
{"message":"createError is not defined","level":"error"}
{"message":"::1 - - [18/Nov/2020:08:34:27 +0000] \"GET /movie/1 HTTP/1.1\" 500 1090 \"-\" \"Mozilla/5.0 (Macintosh; Intel Mac OS X 10_15_7) AppleWebKit/605.1.15 (KHTML, like Gecko) Version/14.0 Safari/605.1.15\"\n","level":"info"}
{"message":"createError is not defined","level":"error"}
{"message":"::1 - - [18/Nov/2020:08:34:35 +0000] \"GET /movie/1 HTTP/1.1\" 500 1090 \"-\" \"Mozilla/5.0 (Macintosh; Intel Mac OS X 10_15_7) AppleWebKit/605.1.15 (KHTML, like Gecko) Version/14.0 Safari/605.1.15\"\n","level":"info"}
{"message":"pageNum is not defined","level":"error"}
{"message":"::1 - - [18/Nov/2020:08:35:13 +0000] \"GET /movies/1 HTTP/1.1\" 500 1090 \"-\" \"Mozilla/5.0 (Macintosh; Intel Mac OS X 10_15_7) AppleWebKit/605.1.15 (KHTML, like Gecko) Version/14.0 Safari/605.1.15\"\n","level":"info"}
{"message":"pageNum is not defined","level":"error"}
{"message":"::1 - - [18/Nov/2020:08:35:16 +0000] \"GET /movies/1 HTTP/1.1\" 500 1090 \"-\" \"Mozilla/5.0 (Macintosh; Intel Mac OS X 10_15_7) AppleWebKit/605.1.15 (KHTML, like Gecko) Version/14.0 Safari/605.1.15\"\n","level":"info"}
{"message":"pageNum is not defined","level":"error"}
{"message":"::1 - - [18/Nov/2020:08:36:19 +0000] \"GET /movies/1 HTTP/1.1\" 500 1090 \"-\" \"Mozilla/5.0 (Macintosh; Intel Mac OS X 10_15_7) AppleWebKit/605.1.15 (KHTML, like Gecko) Version/14.0 Safari/605.1.15\"\n","level":"info"}
{"message":"Not Found","level":"error"}
{"message":"::1 - - [18/Nov/2020:08:36:23 +0000] \"GET /movies/ HTTP/1.1\" 404 23 \"-\" \"Mozilla/5.0 (Macintosh; Intel Mac OS X 10_15_7) AppleWebKit/605.1.15 (KHTML, like Gecko) Version/14.0 Safari/605.1.15\"\n","level":"info"}
{"message":"pageNum is not defined","level":"error"}
{"message":"::1 - - [18/Nov/2020:08:36:24 +0000] \"GET /movies/1 HTTP/1.1\" 500 1090 \"-\" \"Mozilla/5.0 (Macintosh; Intel Mac OS X 10_15_7) AppleWebKit/605.1.15 (KHTML, like Gecko) Version/14.0 Safari/605.1.15\"\n","level":"info"}
{"message":"Not Found","level":"error"}
{"message":"::1 - - [18/Nov/2020:08:36:25 +0000] \"GET /mo HTTP/1.1\" 404 23 \"-\" \"Mozilla/5.0 (Macintosh; Intel Mac OS X 10_15_7) AppleWebKit/605.1.15 (KHTML, like Gecko) Version/14.0 Safari/605.1.15\"\n","level":"info"}
{"message":"Not Found","level":"error"}
{"message":"::1 - - [18/Nov/2020:08:36:25 +0000] \"GET /favicon.ico HTTP/1.1\" 404 23 \"http://localhost:5000/mo\" \"Mozilla/5.0 (Macintosh; Intel Mac OS X 10_15_7) AppleWebKit/605.1.15 (KHTML, like Gecko) Version/14.0 Safari/605.1.15\"\n","level":"info"}
{"message":"Not Found","level":"error"}
{"message":"::1 - - [18/Nov/2020:08:36:29 +0000] \"GET /m HTTP/1.1\" 404 23 \"-\" \"Mozilla/5.0 (Macintosh; Intel Mac OS X 10_15_7) AppleWebKit/605.1.15 (KHTML, like Gecko) Version/14.0 Safari/605.1.15\"\n","level":"info"}
{"message":"Not Found","level":"error"}
{"message":"::1 - - [18/Nov/2020:08:36:29 +0000] \"GET / HTTP/1.1\" 404 23 \"-\" \"Mozilla/5.0 (Macintosh; Intel Mac OS X 10_15_7) AppleWebKit/605.1.15 (KHTML, like Gecko) Version/14.0 Safari/605.1.15\"\n","level":"info"}
{"message":"hello","level":"info"}
{"message":"::1 - - [18/Nov/2020:08:36:31 +0000] \"GET /auth/login HTTP/1.1\" 304 - \"-\" \"Mozilla/5.0 (Macintosh; Intel Mac OS X 10_15_7) AppleWebKit/605.1.15 (KHTML, like Gecko) Version/14.0 Safari/605.1.15\"\n","level":"info"}
{"message":"Not Found","level":"error"}
{"message":"::1 - - [18/Nov/2020:08:36:31 +0000] \"GET /favicon.ico HTTP/1.1\" 404 23 \"http://localhost:5000/auth/login\" \"Mozilla/5.0 (Macintosh; Intel Mac OS X 10_15_7) AppleWebKit/605.1.15 (KHTML, like Gecko) Version/14.0 Safari/605.1.15\"\n","level":"info"}
{"message":"hello","level":"info"}
{"message":"::1 - - [18/Nov/2020:08:38:16 +0000] \"GET /auth/login HTTP/1.1\" 200 21 \"-\" \"Mozilla/5.0 (Macintosh; Intel Mac OS X 10_15_7) AppleWebKit/605.1.15 (KHTML, like Gecko) Version/14.0 Safari/605.1.15\"\n","level":"info"}
{"message":"createError is not defined","level":"error"}
{"message":"::1 - - [18/Nov/2020:08:38:40 +0000] \"GET /movie/1 HTTP/1.1\" 500 1090 \"-\" \"Mozilla/5.0 (Macintosh; Intel Mac OS X 10_15_7) AppleWebKit/605.1.15 (KHTML, like Gecko) Version/14.0 Safari/605.1.15\"\n","level":"info"}
{"message":"Not Found","level":"error"}
{"message":"::1 - - [18/Nov/2020:08:38:41 +0000] \"GET /movies/ HTTP/1.1\" 404 23 \"-\" \"Mozilla/5.0 (Macintosh; Intel Mac OS X 10_15_7) AppleWebKit/605.1.15 (KHTML, like Gecko) Version/14.0 Safari/605.1.15\"\n","level":"info"}
{"message":"::1 - - [18/Nov/2020:08:38:48 +0000] \"GET /movies/1 HTTP/1.1\" 200 15879 \"-\" \"Mozilla/5.0 (Macintosh; Intel Mac OS X 10_15_7) AppleWebKit/605.1.15 (KHTML, like Gecko) Version/14.0 Safari/605.1.15\"\n","level":"info"}
{"message":"Not Found","level":"error"}
{"message":"::1 - - [18/Nov/2020:13:01:55 +0000] \"GET /auth/signup HTTP/1.1\" 404 23 \"-\" \"Mozilla/5.0 (Macintosh; Intel Mac OS X 10_15_7) AppleWebKit/605.1.15 (KHTML, like Gecko) Version/14.0 Safari/605.1.15\"\n","level":"info"}
{"message":"Not Found","level":"error"}
{"message":"::1 - - [18/Nov/2020:13:01:55 +0000] \"GET /favicon.ico HTTP/1.1\" 404 23 \"http://localhost:5000/auth/signup\" \"Mozilla/5.0 (Macintosh; Intel Mac OS X 10_15_7) AppleWebKit/605.1.15 (KHTML, like Gecko) Version/14.0 Safari/605.1.15\"\n","level":"info"}
{"message":"Not Found","level":"error"}
{"message":"::1 - - [18/Nov/2020:13:01:58 +0000] \"GET /auth/signup HTTP/1.1\" 404 23 \"-\" \"Mozilla/5.0 (Macintosh; Intel Mac OS X 10_15_7) AppleWebKit/605.1.15 (KHTML, like Gecko) Version/14.0 Safari/605.1.15\"\n","level":"info"}
{"message":"Not Found","level":"error"}
{"message":"::1 - - [18/Nov/2020:13:01:59 +0000] \"GET /auth/signup HTTP/1.1\" 404 23 \"-\" \"Mozilla/5.0 (Macintosh; Intel Mac OS X 10_15_7) AppleWebKit/605.1.15 (KHTML, like Gecko) Version/14.0 Safari/605.1.15\"\n","level":"info"}
{"message":"Not Found","level":"error"}
{"message":"::1 - - [18/Nov/2020:13:02:02 +0000] \"GET /auth/signup HTTP/1.1\" 404 23 \"-\" \"Mozilla/5.0 (Macintosh; Intel Mac OS X 10_15_7) AppleWebKit/605.1.15 (KHTML, like Gecko) Version/14.0 Safari/605.1.15\"\n","level":"info"}
{"message":"Not Found","level":"error"}
{"message":"::1 - - [18/Nov/2020:13:02:02 +0000] \"GET /auth/signup HTTP/1.1\" 404 23 \"-\" \"Mozilla/5.0 (Macintosh; Intel Mac OS X 10_15_7) AppleWebKit/605.1.15 (KHTML, like Gecko) Version/14.0 Safari/605.1.15\"\n","level":"info"}
{"message":"Not Found","level":"error"}
{"message":"::1 - - [18/Nov/2020:13:02:10 +0000] \"GET /auth/signup HTTP/1.1\" 404 23 \"-\" \"Mozilla/5.0 (Macintosh; Intel Mac OS X 10_15_7) AppleWebKit/605.1.15 (KHTML, like Gecko) Version/14.0 Safari/605.1.15\"\n","level":"info"}
{"message":"Not Found","level":"error"}
{"message":"::1 - - [18/Nov/2020:13:04:37 +0000] \"GET /auth/signup/%22hi%22 HTTP/1.1\" 404 23 \"-\" \"Mozilla/5.0 (Macintosh; Intel Mac OS X 10_15_7) AppleWebKit/605.1.15 (KHTML, like Gecko) Version/14.0 Safari/605.1.15\"\n","level":"info"}
{"message":"Not Found","level":"error"}
{"message":"::1 - - [18/Nov/2020:13:04:37 +0000] \"GET /favicon.ico HTTP/1.1\" 404 23 \"http://localhost:5000/auth/signup/%22hi%22\" \"Mozilla/5.0 (Macintosh; Intel Mac OS X 10_15_7) AppleWebKit/605.1.15 (KHTML, like Gecko) Version/14.0 Safari/605.1.15\"\n","level":"info"}
{"message":"::1 - - [18/Nov/2020:14:00:22 +0000] \"GET / HTTP/1.1\" - - \"-\" \"Mozilla/5.0 (Macintosh; Intel Mac OS X 10_15_7) AppleWebKit/537.36 (KHTML, like Gecko) Chrome/86.0.4240.198 Safari/537.36\"\n","level":"info"}
{"message":"::1 - - [18/Nov/2020:14:02:49 +0000] \"GET /movies/1 HTTP/1.1\" - - \"-\" \"Mozilla/5.0 (Macintosh; Intel Mac OS X 10_15_7) AppleWebKit/537.36 (KHTML, like Gecko) Chrome/86.0.4240.198 Safari/537.36\"\n","level":"info"}
{"message":"::1 - - [18/Nov/2020:14:07:53 +0000] \"GET /auth/login HTTP/1.1\" - - \"-\" \"PostmanRuntime/7.26.5\"\n","level":"info"}
{"message":"::1 - - [18/Nov/2020:14:10:48 +0000] \"GET /auth/login HTTP/1.1\" - - \"-\" \"PostmanRuntime/7.26.5\"\n","level":"info"}
{"message":"::1 - - [18/Nov/2020:14:10:50 +0000] \"GET /auth/login HTTP/1.1\" - - \"-\" \"PostmanRuntime/7.26.5\"\n","level":"info"}
{"message":"::1 - - [18/Nov/2020:14:11:13 +0000] \"GET /auth/login HTTP/1.1\" - - \"-\" \"PostmanRuntime/7.26.5\"\n","level":"info"}
{"message":"::1 - - [18/Nov/2020:14:11:18 +0000] \"GET / HTTP/1.1\" - - \"-\" \"PostmanRuntime/7.26.5\"\n","level":"info"}
{"message":"::1 - - [18/Nov/2020:14:12:42 +0000] \"GET / HTTP/1.1\" - - \"-\" \"PostmanRuntime/7.26.5\"\n","level":"info"}
{"message":"::1 - - [18/Nov/2020:14:13:00 +0000] \"GET / HTTP/1.1\" - - \"-\" \"PostmanRuntime/7.26.5\"\n","level":"info"}
{"message":"::1 - - [18/Nov/2020:14:14:07 +0000] \"GET / HTTP/1.1\" - - \"-\" \"PostmanRuntime/7.26.5\"\n","level":"info"}
{"message":"::1 - - [18/Nov/2020:14:14:14 +0000] \"GET / HTTP/1.1\" - - \"-\" \"PostmanRuntime/7.26.5\"\n","level":"info"}
{"message":"::1 - - [18/Nov/2020:14:15:40 +0000] \"GET /auth/login HTTP/1.1\" - - \"-\" \"PostmanRuntime/7.26.5\"\n","level":"info"}
{"message":"::1 - - [18/Nov/2020:14:15:49 +0000] \"GET /auth/login HTTP/1.1\" - - \"-\" \"PostmanRuntime/7.26.5\"\n","level":"info"}
{"message":"::1 - - [18/Nov/2020:14:18:09 +0000] \"GET /auth/login HTTP/1.1\" - - \"-\" \"PostmanRuntime/7.26.5\"\n","level":"info"}
{"message":"::1 - - [18/Nov/2020:14:18:54 +0000] \"GET /auth/login HTTP/1.1\" - - \"-\" \"PostmanRuntime/7.26.5\"\n","level":"info"}
{"message":"::1 - - [18/Nov/2020:14:19:10 +0000] \"GET /auth/login HTTP/1.1\" - - \"-\" \"PostmanRuntime/7.26.5\"\n","level":"info"}
{"message":"::1 - - [18/Nov/2020:14:19:36 +0000] \"GET /auth/login HTTP/1.1\" - - \"-\" \"-\"\n","level":"info"}
{"message":"::1 - - [18/Nov/2020:14:19:46 +0000] \"GET /auth/login HTTP/1.1\" - - \"-\" \"-\"\n","level":"info"}
{"message":"::1 - - [18/Nov/2020:14:20:00 +0000] \"GET /auth/login HTTP/1.1\" - - \"-\" \"-\"\n","level":"info"}
